INFO|2019-07-26 12:27:53.273|[main]|o.s.b.StartupInfoLogger.logStarting.  50|Starting EsBootApplication on LAPTOP-MQHIV46L with PID 21912 (G:\idea\es-boot\target\classes started by 86322 in G:\idea\es-boot)
INFO|2019-07-26 12:27:53.286|[main]|o.s.b.SpringApplication.logStartupProfileInfo. 650|The following profiles are active: dev
INFO|2019-07-26 12:27:54.520|[main]|o.s.d.r.c.RepositoryConfigurationDelegate.registerRepositoriesIn. 126|Bootstrapping Spring Data repositories in DEFAULT mode.
INFO|2019-07-26 12:27:54.613|[main]|o.s.d.r.c.RepositoryConfigurationDelegate.registerRepositoriesIn. 182|Finished Spring Data repository scanning in 83ms. Found 1 repository interfaces.
INFO|2019-07-26 12:27:55.165|[main]|o.s.c.s.PostProcessorRegistrationDelegate$BeanPostProcessorChecker.postProcessAfterInitialization. 330|Bean 'org.springframework.transaction.annotation.ProxyTransactionManagementConfiguration' of type [org.springframework.transaction.annotation.ProxyTransactionManagementConfiguration$$EnhancerBySpringCGLIB$$de9250e] is not eligible for getting processed by all BeanPostProcessors (for example: not eligible for auto-proxying)
INFO|2019-07-26 12:27:55.701|[main]|o.s.b.w.e.t.TomcatWebServer.initialize.  90|Tomcat initialized with port(s): 9090 (http)
INFO|2019-07-26 12:27:55.726|[main]|o.a.j.l.DirectJDKLog.log. 173|Starting service [Tomcat]
INFO|2019-07-26 12:27:55.726|[main]|o.a.j.l.DirectJDKLog.log. 173|Starting Servlet engine: [Apache Tomcat/9.0.21]
INFO|2019-07-26 12:27:55.872|[main]|o.a.j.l.DirectJDKLog.log. 173|Initializing Spring embedded WebApplicationContext
INFO|2019-07-26 12:27:55.872|[main]|o.s.b.w.s.c.ServletWebServerApplicationContext.prepareWebApplicationContext. 283|Root WebApplicationContext: initialization completed in 2391 ms
INFO|2019-07-26 12:27:56.058|[main]|c.b.e.b.BinLogComponent.init.  36|==========start binlog client==========
INFO|2019-07-26 12:27:56.066|[main]|c.a.d.s.b.a.DruidDataSourceAutoConfigure.dataSource.  56|Init DruidDataSource
INFO|2019-07-26 12:27:56.069|[binlog-listener-thread]|c.b.e.b.BinLogComponent.lambda$init$0.  54|connecting to mysql start
INFO|2019-07-26 12:27:56.161|[binlog-listener-thread]|c.g.s.m.b.BinaryLogClient.connect. 565|Connected to 127.0.0.1:3306 at mysql-bin.000136/7380371 (sid:65535, cid:409)
INFO|2019-07-26 12:27:56.694|[main]|c.a.d.p.DruidDataSource.init. 991|{dataSource-1} inited
INFO|2019-07-26 12:28:00.205|[main]|o.e.p.PluginsService.logPluginInfo. 196|no modules loaded
INFO|2019-07-26 12:28:00.206|[main]|o.e.p.PluginsService.logPluginInfo. 199|loaded plugin [org.elasticsearch.index.reindex.ReindexPlugin]
INFO|2019-07-26 12:28:00.206|[main]|o.e.p.PluginsService.logPluginInfo. 199|loaded plugin [org.elasticsearch.join.ParentJoinPlugin]
INFO|2019-07-26 12:28:00.206|[main]|o.e.p.PluginsService.logPluginInfo. 199|loaded plugin [org.elasticsearch.percolator.PercolatorPlugin]
INFO|2019-07-26 12:28:00.206|[main]|o.e.p.PluginsService.logPluginInfo. 199|loaded plugin [org.elasticsearch.script.mustache.MustachePlugin]
INFO|2019-07-26 12:28:00.206|[main]|o.e.p.PluginsService.logPluginInfo. 199|loaded plugin [org.elasticsearch.transport.Netty4Plugin]
INFO|2019-07-26 12:28:01.021|[NettyClientSelector_1]|o.a.r.l.Slf4jLoggerFactory$Slf4jLogger.info.  95|closeChannel: close the connection to remote address[] result: true
INFO|2019-07-26 12:28:03.512|[main]|o.s.d.e.c.TransportClientFactoryBean.lambda$buildClient$0.  88|Adding transport node : 127.0.0.1:9300
INFO|2019-07-26 12:28:06.884|[NettyClientSelector_1]|o.a.r.l.Slf4jLoggerFactory$Slf4jLogger.info.  95|closeChannel: close the connection to remote address[] result: true
INFO|2019-07-26 12:28:07.892|[NettyClientSelector_1]|o.a.r.l.Slf4jLoggerFactory$Slf4jLogger.info.  95|closeChannel: close the connection to remote address[] result: true
INFO|2019-07-26 12:28:08.913|[NettyClientSelector_1]|o.a.r.l.Slf4jLoggerFactory$Slf4jLogger.info.  95|closeChannel: close the connection to remote address[] result: true
INFO|2019-07-26 12:28:09.921|[NettyClientSelector_1]|o.a.r.l.Slf4jLoggerFactory$Slf4jLogger.info.  95|closeChannel: close the connection to remote address[] result: true
INFO|2019-07-26 12:28:10.927|[NettyClientSelector_1]|o.a.r.l.Slf4jLoggerFactory$Slf4jLogger.info.  95|closeChannel: close the connection to remote address[] result: true
INFO|2019-07-26 12:28:11.439|[main]|o.s.s.c.ExecutorConfigurationSupport.initialize. 171|Initializing ExecutorService 'applicationTaskExecutor'
INFO|2019-07-26 12:28:12.572|[main]|o.s.b.w.e.t.TomcatWebServer.start. 202|Tomcat started on port(s): 9090 (http) with context path ''
INFO|2019-07-26 12:28:12.573|[main]|o.s.b.StartupInfoLogger.logStarted.  59|Started EsBootApplication in 19.81 seconds (JVM running for 22.377)
INFO|2019-07-26 12:28:12.575|[main]|c.b.e.b.BinlogRunner.run.  22|===========init schema and table ============
INFO|2019-07-26 12:28:12.575|[main]|c.b.e.b.h.TableColumnIdAndNameHolder.init.  45|==============begin load column position and name============
INFO|2019-07-26 12:28:12.941|[NettyClientSelector_1]|o.a.r.l.Slf4jLoggerFactory$Slf4jLogger.info.  95|closeChannel: close the connection to remote address[] result: true
INFO|2019-07-26 12:28:13.947|[NettyClientSelector_1]|o.a.r.l.Slf4jLoggerFactory$Slf4jLogger.info.  95|closeChannel: close the connection to remote address[] result: true
INFO|2019-07-26 12:28:14.954|[NettyClientSelector_1]|o.a.r.l.Slf4jLoggerFactory$Slf4jLogger.info.  95|closeChannel: close the connection to remote address[] result: true
INFO|2019-07-26 12:28:15.961|[NettyClientSelector_1]|o.a.r.l.Slf4jLoggerFactory$Slf4jLogger.info.  95|closeChannel: close the connection to remote address[] result: true
INFO|2019-07-26 12:28:31.099|[NettyClientSelector_1]|o.a.r.l.Slf4jLoggerFactory$Slf4jLogger.info.  95|closeChannel: close the connection to remote address[] result: true
INFO|2019-07-26 12:28:34.124|[NettyClientSelector_1]|o.a.r.l.Slf4jLoggerFactory$Slf4jLogger.info.  95|closeChannel: close the connection to remote address[] result: true
INFO|2019-07-26 12:28:36.967|[NettyClientSelector_1]|o.a.r.l.Slf4jLoggerFactory$Slf4jLogger.info.  95|closeChannel: close the connection to remote address[] result: true
INFO|2019-07-26 12:28:37.977|[NettyClientSelector_1]|o.a.r.l.Slf4jLoggerFactory$Slf4jLogger.info.  95|closeChannel: close the connection to remote address[] result: true
INFO|2019-07-26 12:28:38.985|[NettyClientSelector_1]|o.a.r.l.Slf4jLoggerFactory$Slf4jLogger.info.  95|closeChannel: close the connection to remote address[] result: true
INFO|2019-07-26 12:28:39.991|[NettyClientSelector_1]|o.a.r.l.Slf4jLoggerFactory$Slf4jLogger.info.  95|closeChannel: close the connection to remote address[] result: true
INFO|2019-07-26 12:29:00.091|[NettyClientSelector_1]|o.a.r.l.Slf4jLoggerFactory$Slf4jLogger.info.  95|closeChannel: close the connection to remote address[] result: true
INFO|2019-07-26 12:29:02.108|[NettyClientSelector_1]|o.a.r.l.Slf4jLoggerFactory$Slf4jLogger.info.  95|closeChannel: close the connection to remote address[] result: true
INFO|2019-07-26 12:29:03.120|[NettyClientSelector_1]|o.a.r.l.Slf4jLoggerFactory$Slf4jLogger.info.  95|closeChannel: close the connection to remote address[] result: true
INFO|2019-07-26 12:29:04.127|[NettyClientSelector_1]|o.a.r.l.Slf4jLoggerFactory$Slf4jLogger.info.  95|closeChannel: close the connection to remote address[] result: true
INFO|2019-07-26 12:29:05.133|[NettyClientSelector_1]|o.a.r.l.Slf4jLoggerFactory$Slf4jLogger.info.  95|closeChannel: close the connection to remote address[] result: true
INFO|2019-07-26 12:29:06.140|[NettyClientSelector_1]|o.a.r.l.Slf4jLoggerFactory$Slf4jLogger.info.  95|closeChannel: close the connection to remote address[] result: true
INFO|2019-07-26 12:29:07.146|[NettyClientSelector_1]|o.a.r.l.Slf4jLoggerFactory$Slf4jLogger.info.  95|closeChannel: close the connection to remote address[] result: true
INFO|2019-07-26 12:29:28.151|[NettyClientSelector_1]|o.a.r.l.Slf4jLoggerFactory$Slf4jLogger.info.  95|closeChannel: close the connection to remote address[] result: true
INFO|2019-07-26 12:29:29.159|[NettyClientSelector_1]|o.a.r.l.Slf4jLoggerFactory$Slf4jLogger.info.  95|closeChannel: close the connection to remote address[] result: true
INFO|2019-07-26 12:29:30.164|[NettyClientSelector_1]|o.a.r.l.Slf4jLoggerFactory$Slf4jLogger.info.  95|closeChannel: close the connection to remote address[] result: true
INFO|2019-07-26 12:29:31.173|[NettyClientSelector_1]|o.a.r.l.Slf4jLoggerFactory$Slf4jLogger.info.  95|closeChannel: close the connection to remote address[] result: true
INFO|2019-07-26 12:29:32.450|[NettyClientSelector_1]|o.a.r.l.Slf4jLoggerFactory$Slf4jLogger.info.  95|closeChannel: close the connection to remote address[] result: true
INFO|2019-07-26 12:29:33.457|[NettyClientSelector_1]|o.a.r.l.Slf4jLoggerFactory$Slf4jLogger.info.  95|closeChannel: close the connection to remote address[] result: true
INFO|2019-07-26 12:29:34.463|[NettyClientSelector_1]|o.a.r.l.Slf4jLoggerFactory$Slf4jLogger.info.  95|closeChannel: close the connection to remote address[] result: true
INFO|2019-07-26 12:29:35.469|[NettyClientSelector_1]|o.a.r.l.Slf4jLoggerFactory$Slf4jLogger.info.  95|closeChannel: close the connection to remote address[] result: true
INFO|2019-07-26 12:29:36.477|[NettyClientSelector_1]|o.a.r.l.Slf4jLoggerFactory$Slf4jLogger.info.  95|closeChannel: close the connection to remote address[] result: true
INFO|2019-07-26 12:29:52.179|[NettyClientSelector_1]|o.a.r.l.Slf4jLoggerFactory$Slf4jLogger.info.  95|closeChannel: close the connection to remote address[] result: true
INFO|2019-07-26 12:29:53.187|[NettyClientSelector_1]|o.a.r.l.Slf4jLoggerFactory$Slf4jLogger.info.  95|closeChannel: close the connection to remote address[] result: true
INFO|2019-07-26 12:29:54.193|[NettyClientSelector_1]|o.a.r.l.Slf4jLoggerFactory$Slf4jLogger.info.  95|closeChannel: close the connection to remote address[] result: true
INFO|2019-07-26 12:29:55.213|[NettyClientSelector_1]|o.a.r.l.Slf4jLoggerFactory$Slf4jLogger.info.  95|closeChannel: close the connection to remote address[] result: true
INFO|2019-07-26 12:30:00.090|[NettyClientSelector_1]|o.a.r.l.Slf4jLoggerFactory$Slf4jLogger.info.  95|closeChannel: close the connection to remote address[] result: true
INFO|2019-07-26 12:30:01.099|[NettyClientSelector_1]|o.a.r.l.Slf4jLoggerFactory$Slf4jLogger.info.  95|closeChannel: close the connection to remote address[] result: true
INFO|2019-07-26 12:30:02.104|[NettyClientSelector_1]|o.a.r.l.Slf4jLoggerFactory$Slf4jLogger.info.  95|closeChannel: close the connection to remote address[] result: true
INFO|2019-07-26 12:30:03.114|[NettyClientSelector_1]|o.a.r.l.Slf4jLoggerFactory$Slf4jLogger.info.  95|closeChannel: close the connection to remote address[] result: true
INFO|2019-07-26 12:30:04.121|[NettyClientSelector_1]|o.a.r.l.Slf4jLoggerFactory$Slf4jLogger.info.  95|closeChannel: close the connection to remote address[] result: true
INFO|2019-07-26 12:30:16.221|[NettyClientSelector_1]|o.a.r.l.Slf4jLoggerFactory$Slf4jLogger.info.  95|closeChannel: close the connection to remote address[] result: true
INFO|2019-07-26 12:30:17.226|[NettyClientSelector_1]|o.a.r.l.Slf4jLoggerFactory$Slf4jLogger.info.  95|closeChannel: close the connection to remote address[] result: true
INFO|2019-07-26 12:30:18.232|[NettyClientSelector_1]|o.a.r.l.Slf4jLoggerFactory$Slf4jLogger.info.  95|closeChannel: close the connection to remote address[] result: true
INFO|2019-07-26 12:30:19.237|[NettyClientSelector_1]|o.a.r.l.Slf4jLoggerFactory$Slf4jLogger.info.  95|closeChannel: close the connection to remote address[] result: true
INFO|2019-07-26 12:30:30.094|[NettyClientSelector_1]|o.a.r.l.Slf4jLoggerFactory$Slf4jLogger.info.  95|closeChannel: close the connection to remote address[] result: true
INFO|2019-07-26 12:30:31.101|[NettyClientSelector_1]|o.a.r.l.Slf4jLoggerFactory$Slf4jLogger.info.  95|closeChannel: close the connection to remote address[] result: true
INFO|2019-07-26 12:30:32.108|[NettyClientSelector_1]|o.a.r.l.Slf4jLoggerFactory$Slf4jLogger.info.  95|closeChannel: close the connection to remote address[] result: true
INFO|2019-07-26 12:30:33.117|[NettyClientSelector_1]|o.a.r.l.Slf4jLoggerFactory$Slf4jLogger.info.  95|closeChannel: close the connection to remote address[] result: true
INFO|2019-07-26 12:30:34.123|[NettyClientSelector_1]|o.a.r.l.Slf4jLoggerFactory$Slf4jLogger.info.  95|closeChannel: close the connection to remote address[] result: true
INFO|2019-07-26 12:30:40.243|[NettyClientSelector_1]|o.a.r.l.Slf4jLoggerFactory$Slf4jLogger.info.  95|closeChannel: close the connection to remote address[] result: true
INFO|2019-07-26 12:30:41.249|[NettyClientSelector_1]|o.a.r.l.Slf4jLoggerFactory$Slf4jLogger.info.  95|closeChannel: close the connection to remote address[] result: true
INFO|2019-07-26 12:30:42.257|[NettyClientSelector_1]|o.a.r.l.Slf4jLoggerFactory$Slf4jLogger.info.  95|closeChannel: close the connection to remote address[] result: true
INFO|2019-07-26 12:30:43.262|[NettyClientSelector_1]|o.a.r.l.Slf4jLoggerFactory$Slf4jLogger.info.  95|closeChannel: close the connection to remote address[] result: true
INFO|2019-07-26 12:31:00.093|[NettyClientSelector_1]|o.a.r.l.Slf4jLoggerFactory$Slf4jLogger.info.  95|closeChannel: close the connection to remote address[] result: true
INFO|2019-07-26 12:31:01.098|[NettyClientSelector_1]|o.a.r.l.Slf4jLoggerFactory$Slf4jLogger.info.  95|closeChannel: close the connection to remote address[] result: true
INFO|2019-07-26 12:31:02.105|[NettyClientSelector_1]|o.a.r.l.Slf4jLoggerFactory$Slf4jLogger.info.  95|closeChannel: close the connection to remote address[] result: true
INFO|2019-07-26 12:31:03.111|[NettyClientSelector_1]|o.a.r.l.Slf4jLoggerFactory$Slf4jLogger.info.  95|closeChannel: close the connection to remote address[] result: true
INFO|2019-07-26 12:31:04.117|[NettyClientSelector_1]|o.a.r.l.Slf4jLoggerFactory$Slf4jLogger.info.  95|closeChannel: close the connection to remote address[] result: true
INFO|2019-07-26 12:31:05.123|[NettyClientSelector_1]|o.a.r.l.Slf4jLoggerFactory$Slf4jLogger.info.  95|closeChannel: close the connection to remote address[] result: true
INFO|2019-07-26 12:31:06.130|[NettyClientSelector_1]|o.a.r.l.Slf4jLoggerFactory$Slf4jLogger.info.  95|closeChannel: close the connection to remote address[] result: true
INFO|2019-07-26 12:31:07.135|[NettyClientSelector_1]|o.a.r.l.Slf4jLoggerFactory$Slf4jLogger.info.  95|closeChannel: close the connection to remote address[] result: true
INFO|2019-07-26 12:31:08.150|[NettyClientSelector_1]|o.a.r.l.Slf4jLoggerFactory$Slf4jLogger.info.  95|closeChannel: close the connection to remote address[] result: true
INFO|2019-07-26 12:31:29.168|[NettyClientSelector_1]|o.a.r.l.Slf4jLoggerFactory$Slf4jLogger.info.  95|closeChannel: close the connection to remote address[] result: true
INFO|2019-07-26 12:31:32.202|[NettyClientSelector_1]|o.a.r.l.Slf4jLoggerFactory$Slf4jLogger.info.  95|closeChannel: close the connection to remote address[] result: true
INFO|2019-07-26 12:31:33.209|[NettyClientSelector_1]|o.a.r.l.Slf4jLoggerFactory$Slf4jLogger.info.  95|closeChannel: close the connection to remote address[] result: true
INFO|2019-07-26 12:31:35.224|[NettyClientSelector_1]|o.a.r.l.Slf4jLoggerFactory$Slf4jLogger.info.  95|closeChannel: close the connection to remote address[] result: true
INFO|2019-07-26 12:31:36.229|[NettyClientSelector_1]|o.a.r.l.Slf4jLoggerFactory$Slf4jLogger.info.  95|closeChannel: close the connection to remote address[] result: true
INFO|2019-07-26 12:31:53.210|[NettyClientSelector_1]|o.a.r.l.Slf4jLoggerFactory$Slf4jLogger.info.  95|closeChannel: close the connection to remote address[] result: true
INFO|2019-07-26 12:31:54.217|[NettyClientSelector_1]|o.a.r.l.Slf4jLoggerFactory$Slf4jLogger.info.  95|closeChannel: close the connection to remote address[] result: true
INFO|2019-07-26 12:31:55.222|[NettyClientSelector_1]|o.a.r.l.Slf4jLoggerFactory$Slf4jLogger.info.  95|closeChannel: close the connection to remote address[] result: true
INFO|2019-07-26 12:31:56.229|[NettyClientSelector_1]|o.a.r.l.Slf4jLoggerFactory$Slf4jLogger.info.  95|closeChannel: close the connection to remote address[] result: true
INFO|2019-07-26 12:32:00.090|[NettyClientSelector_1]|o.a.r.l.Slf4jLoggerFactory$Slf4jLogger.info.  95|closeChannel: close the connection to remote address[] result: true
INFO|2019-07-26 12:32:01.098|[NettyClientSelector_1]|o.a.r.l.Slf4jLoggerFactory$Slf4jLogger.info.  95|closeChannel: close the connection to remote address[] result: true
INFO|2019-07-26 12:32:02.103|[NettyClientSelector_1]|o.a.r.l.Slf4jLoggerFactory$Slf4jLogger.info.  95|closeChannel: close the connection to remote address[] result: true
INFO|2019-07-26 12:32:03.110|[NettyClientSelector_1]|o.a.r.l.Slf4jLoggerFactory$Slf4jLogger.info.  95|closeChannel: close the connection to remote address[] result: true
INFO|2019-07-26 12:32:04.115|[NettyClientSelector_1]|o.a.r.l.Slf4jLoggerFactory$Slf4jLogger.info.  95|closeChannel: close the connection to remote address[] result: true
INFO|2019-07-26 12:32:17.234|[NettyClientSelector_1]|o.a.r.l.Slf4jLoggerFactory$Slf4jLogger.info.  95|closeChannel: close the connection to remote address[] result: true
INFO|2019-07-26 12:32:18.242|[NettyClientSelector_1]|o.a.r.l.Slf4jLoggerFactory$Slf4jLogger.info.  95|closeChannel: close the connection to remote address[] result: true
INFO|2019-07-26 12:32:19.255|[NettyClientSelector_1]|o.a.r.l.Slf4jLoggerFactory$Slf4jLogger.info.  95|closeChannel: close the connection to remote address[] result: true
INFO|2019-07-26 12:32:20.263|[NettyClientSelector_1]|o.a.r.l.Slf4jLoggerFactory$Slf4jLogger.info.  95|closeChannel: close the connection to remote address[] result: true
INFO|2019-07-26 12:32:30.091|[NettyClientSelector_1]|o.a.r.l.Slf4jLoggerFactory$Slf4jLogger.info.  95|closeChannel: close the connection to remote address[] result: true
INFO|2019-07-26 12:32:31.099|[NettyClientSelector_1]|o.a.r.l.Slf4jLoggerFactory$Slf4jLogger.info.  95|closeChannel: close the connection to remote address[] result: true
INFO|2019-07-26 12:32:32.106|[NettyClientSelector_1]|o.a.r.l.Slf4jLoggerFactory$Slf4jLogger.info.  95|closeChannel: close the connection to remote address[] result: true
INFO|2019-07-26 12:32:33.113|[NettyClientSelector_1]|o.a.r.l.Slf4jLoggerFactory$Slf4jLogger.info.  95|closeChannel: close the connection to remote address[] result: true
INFO|2019-07-26 12:32:34.120|[NettyClientSelector_1]|o.a.r.l.Slf4jLoggerFactory$Slf4jLogger.info.  95|closeChannel: close the connection to remote address[] result: true
INFO|2019-07-26 12:32:41.275|[NettyClientSelector_1]|o.a.r.l.Slf4jLoggerFactory$Slf4jLogger.info.  95|closeChannel: close the connection to remote address[] result: true
INFO|2019-07-26 12:32:42.282|[NettyClientSelector_1]|o.a.r.l.Slf4jLoggerFactory$Slf4jLogger.info.  95|closeChannel: close the connection to remote address[] result: true
INFO|2019-07-26 12:32:43.288|[NettyClientSelector_1]|o.a.r.l.Slf4jLoggerFactory$Slf4jLogger.info.  95|closeChannel: close the connection to remote address[] result: true
INFO|2019-07-26 12:32:44.298|[NettyClientSelector_1]|o.a.r.l.Slf4jLoggerFactory$Slf4jLogger.info.  95|closeChannel: close the connection to remote address[] result: true
INFO|2019-07-26 12:33:00.103|[NettyClientSelector_1]|o.a.r.l.Slf4jLoggerFactory$Slf4jLogger.info.  95|closeChannel: close the connection to remote address[] result: true
INFO|2019-07-26 12:33:01.111|[NettyClientSelector_1]|o.a.r.l.Slf4jLoggerFactory$Slf4jLogger.info.  95|closeChannel: close the connection to remote address[] result: true
INFO|2019-07-26 12:33:02.118|[NettyClientSelector_1]|o.a.r.l.Slf4jLoggerFactory$Slf4jLogger.info.  95|closeChannel: close the connection to remote address[] result: true
INFO|2019-07-26 12:33:03.123|[NettyClientSelector_1]|o.a.r.l.Slf4jLoggerFactory$Slf4jLogger.info.  95|closeChannel: close the connection to remote address[] result: true
INFO|2019-07-26 12:33:04.132|[NettyClientSelector_1]|o.a.r.l.Slf4jLoggerFactory$Slf4jLogger.info.  95|closeChannel: close the connection to remote address[] result: true
INFO|2019-07-26 12:33:05.303|[NettyClientSelector_1]|o.a.r.l.Slf4jLoggerFactory$Slf4jLogger.info.  95|closeChannel: close the connection to remote address[] result: true
INFO|2019-07-26 12:33:06.310|[NettyClientSelector_1]|o.a.r.l.Slf4jLoggerFactory$Slf4jLogger.info.  95|closeChannel: close the connection to remote address[] result: true
INFO|2019-07-26 12:33:07.317|[NettyClientSelector_1]|o.a.r.l.Slf4jLoggerFactory$Slf4jLogger.info.  95|closeChannel: close the connection to remote address[] result: true
INFO|2019-07-26 12:33:08.325|[NettyClientSelector_1]|o.a.r.l.Slf4jLoggerFactory$Slf4jLogger.info.  95|closeChannel: close the connection to remote address[] result: true
INFO|2019-07-26 12:33:29.330|[NettyClientSelector_1]|o.a.r.l.Slf4jLoggerFactory$Slf4jLogger.info.  95|closeChannel: close the connection to remote address[] result: true
INFO|2019-07-26 12:33:30.338|[NettyClientSelector_1]|o.a.r.l.Slf4jLoggerFactory$Slf4jLogger.info.  95|closeChannel: close the connection to remote address[] result: true
INFO|2019-07-26 12:33:31.347|[NettyClientSelector_1]|o.a.r.l.Slf4jLoggerFactory$Slf4jLogger.info.  95|closeChannel: close the connection to remote address[] result: true
INFO|2019-07-26 12:33:32.354|[NettyClientSelector_1]|o.a.r.l.Slf4jLoggerFactory$Slf4jLogger.info.  95|closeChannel: close the connection to remote address[] result: true
INFO|2019-07-26 12:33:33.369|[NettyClientSelector_1]|o.a.r.l.Slf4jLoggerFactory$Slf4jLogger.info.  95|closeChannel: close the connection to remote address[] result: true
INFO|2019-07-26 12:33:34.376|[NettyClientSelector_1]|o.a.r.l.Slf4jLoggerFactory$Slf4jLogger.info.  95|closeChannel: close the connection to remote address[] result: true
INFO|2019-07-26 12:33:35.382|[NettyClientSelector_1]|o.a.r.l.Slf4jLoggerFactory$Slf4jLogger.info.  95|closeChannel: close the connection to remote address[] result: true
INFO|2019-07-26 12:33:36.388|[NettyClientSelector_1]|o.a.r.l.Slf4jLoggerFactory$Slf4jLogger.info.  95|closeChannel: close the connection to remote address[] result: true
INFO|2019-07-26 12:33:57.396|[NettyClientSelector_1]|o.a.r.l.Slf4jLoggerFactory$Slf4jLogger.info.  95|closeChannel: close the connection to remote address[] result: true
INFO|2019-07-26 12:33:58.402|[NettyClientSelector_1]|o.a.r.l.Slf4jLoggerFactory$Slf4jLogger.info.  95|closeChannel: close the connection to remote address[] result: true
INFO|2019-07-26 12:33:59.411|[NettyClientSelector_1]|o.a.r.l.Slf4jLoggerFactory$Slf4jLogger.info.  95|closeChannel: close the connection to remote address[] result: true
INFO|2019-07-26 12:34:00.416|[NettyClientSelector_1]|o.a.r.l.Slf4jLoggerFactory$Slf4jLogger.info.  95|closeChannel: close the connection to remote address[] result: true
INFO|2019-07-26 12:34:01.422|[NettyClientSelector_1]|o.a.r.l.Slf4jLoggerFactory$Slf4jLogger.info.  95|closeChannel: close the connection to remote address[] result: true
INFO|2019-07-26 12:34:02.429|[NettyClientSelector_1]|o.a.r.l.Slf4jLoggerFactory$Slf4jLogger.info.  95|closeChannel: close the connection to remote address[] result: true
INFO|2019-07-26 12:34:03.436|[NettyClientSelector_1]|o.a.r.l.Slf4jLoggerFactory$Slf4jLogger.info.  95|closeChannel: close the connection to remote address[] result: true
INFO|2019-07-26 12:34:04.441|[NettyClientSelector_1]|o.a.r.l.Slf4jLoggerFactory$Slf4jLogger.info.  95|closeChannel: close the connection to remote address[] result: true
INFO|2019-07-26 12:34:23.416|[NettyClientSelector_1]|o.a.r.l.Slf4jLoggerFactory$Slf4jLogger.info.  95|closeChannel: close the connection to remote address[] result: true
INFO|2019-07-26 12:34:24.431|[NettyClientSelector_1]|o.a.r.l.Slf4jLoggerFactory$Slf4jLogger.info.  95|closeChannel: close the connection to remote address[] result: true
INFO|2019-07-26 12:34:25.462|[NettyClientSelector_1]|o.a.r.l.Slf4jLoggerFactory$Slf4jLogger.info.  95|closeChannel: close the connection to remote address[] result: true
INFO|2019-07-26 12:34:26.470|[NettyClientSelector_1]|o.a.r.l.Slf4jLoggerFactory$Slf4jLogger.info.  95|closeChannel: close the connection to remote address[] result: true
INFO|2019-07-26 12:34:30.091|[NettyClientSelector_1]|o.a.r.l.Slf4jLoggerFactory$Slf4jLogger.info.  95|closeChannel: close the connection to remote address[] result: true
INFO|2019-07-26 12:34:31.100|[NettyClientSelector_1]|o.a.r.l.Slf4jLoggerFactory$Slf4jLogger.info.  95|closeChannel: close the connection to remote address[] result: true
INFO|2019-07-26 12:34:32.106|[NettyClientSelector_1]|o.a.r.l.Slf4jLoggerFactory$Slf4jLogger.info.  95|closeChannel: close the connection to remote address[] result: true
INFO|2019-07-26 12:34:33.115|[NettyClientSelector_1]|o.a.r.l.Slf4jLoggerFactory$Slf4jLogger.info.  95|closeChannel: close the connection to remote address[] result: true
INFO|2019-07-26 12:34:34.122|[NettyClientSelector_1]|o.a.r.l.Slf4jLoggerFactory$Slf4jLogger.info.  95|closeChannel: close the connection to remote address[] result: true
INFO|2019-07-26 12:34:47.475|[NettyClientSelector_1]|o.a.r.l.Slf4jLoggerFactory$Slf4jLogger.info.  95|closeChannel: close the connection to remote address[] result: true
INFO|2019-07-26 12:34:48.482|[NettyClientSelector_1]|o.a.r.l.Slf4jLoggerFactory$Slf4jLogger.info.  95|closeChannel: close the connection to remote address[] result: true
INFO|2019-07-26 12:34:49.488|[NettyClientSelector_1]|o.a.r.l.Slf4jLoggerFactory$Slf4jLogger.info.  95|closeChannel: close the connection to remote address[] result: true
INFO|2019-07-26 12:34:50.493|[NettyClientSelector_1]|o.a.r.l.Slf4jLoggerFactory$Slf4jLogger.info.  95|closeChannel: close the connection to remote address[] result: true
INFO|2019-07-26 12:35:00.094|[NettyClientSelector_1]|o.a.r.l.Slf4jLoggerFactory$Slf4jLogger.info.  95|closeChannel: close the connection to remote address[] result: true
INFO|2019-07-26 12:35:01.100|[NettyClientSelector_1]|o.a.r.l.Slf4jLoggerFactory$Slf4jLogger.info.  95|closeChannel: close the connection to remote address[] result: true
INFO|2019-07-26 12:35:02.103|[NettyClientSelector_1]|o.a.r.l.Slf4jLoggerFactory$Slf4jLogger.info.  95|closeChannel: close the connection to remote address[] result: true
INFO|2019-07-26 12:35:03.109|[NettyClientSelector_1]|o.a.r.l.Slf4jLoggerFactory$Slf4jLogger.info.  95|closeChannel: close the connection to remote address[] result: true
INFO|2019-07-26 12:35:04.115|[NettyClientSelector_1]|o.a.r.l.Slf4jLoggerFactory$Slf4jLogger.info.  95|closeChannel: close the connection to remote address[] result: true
INFO|2019-07-26 12:35:11.503|[NettyClientSelector_1]|o.a.r.l.Slf4jLoggerFactory$Slf4jLogger.info.  95|closeChannel: close the connection to remote address[] result: true
INFO|2019-07-26 12:35:12.508|[NettyClientSelector_1]|o.a.r.l.Slf4jLoggerFactory$Slf4jLogger.info.  95|closeChannel: close the connection to remote address[] result: true
INFO|2019-07-26 12:35:13.512|[NettyClientSelector_1]|o.a.r.l.Slf4jLoggerFactory$Slf4jLogger.info.  95|closeChannel: close the connection to remote address[] result: true
INFO|2019-07-26 12:35:14.519|[NettyClientSelector_1]|o.a.r.l.Slf4jLoggerFactory$Slf4jLogger.info.  95|closeChannel: close the connection to remote address[] result: true
INFO|2019-07-26 12:35:30.093|[NettyClientSelector_1]|o.a.r.l.Slf4jLoggerFactory$Slf4jLogger.info.  95|closeChannel: close the connection to remote address[] result: true
INFO|2019-07-26 12:35:31.122|[NettyClientSelector_1]|o.a.r.l.Slf4jLoggerFactory$Slf4jLogger.info.  95|closeChannel: close the connection to remote address[] result: true
INFO|2019-07-26 12:35:32.127|[NettyClientSelector_1]|o.a.r.l.Slf4jLoggerFactory$Slf4jLogger.info.  95|closeChannel: close the connection to remote address[] result: true
INFO|2019-07-26 12:35:33.137|[NettyClientSelector_1]|o.a.r.l.Slf4jLoggerFactory$Slf4jLogger.info.  95|closeChannel: close the connection to remote address[] result: true
INFO|2019-07-26 12:35:34.146|[NettyClientSelector_1]|o.a.r.l.Slf4jLoggerFactory$Slf4jLogger.info.  95|closeChannel: close the connection to remote address[] result: true
INFO|2019-07-26 12:35:35.525|[NettyClientSelector_1]|o.a.r.l.Slf4jLoggerFactory$Slf4jLogger.info.  95|closeChannel: close the connection to remote address[] result: true
INFO|2019-07-26 12:35:36.533|[NettyClientSelector_1]|o.a.r.l.Slf4jLoggerFactory$Slf4jLogger.info.  95|closeChannel: close the connection to remote address[] result: true
INFO|2019-07-26 12:35:37.540|[NettyClientSelector_1]|o.a.r.l.Slf4jLoggerFactory$Slf4jLogger.info.  95|closeChannel: close the connection to remote address[] result: true
INFO|2019-07-26 12:35:38.547|[NettyClientSelector_1]|o.a.r.l.Slf4jLoggerFactory$Slf4jLogger.info.  95|closeChannel: close the connection to remote address[] result: true
INFO|2019-07-26 12:35:59.552|[NettyClientSelector_1]|o.a.r.l.Slf4jLoggerFactory$Slf4jLogger.info.  95|closeChannel: close the connection to remote address[] result: true
INFO|2019-07-26 12:36:00.569|[NettyClientSelector_1]|o.a.r.l.Slf4jLoggerFactory$Slf4jLogger.info.  95|closeChannel: close the connection to remote address[] result: true
INFO|2019-07-26 12:36:01.576|[NettyClientSelector_1]|o.a.r.l.Slf4jLoggerFactory$Slf4jLogger.info.  95|closeChannel: close the connection to remote address[] result: true
INFO|2019-07-26 12:36:02.582|[NettyClientSelector_1]|o.a.r.l.Slf4jLoggerFactory$Slf4jLogger.info.  95|closeChannel: close the connection to remote address[] result: true
INFO|2019-07-26 12:36:03.590|[NettyClientSelector_1]|o.a.r.l.Slf4jLoggerFactory$Slf4jLogger.info.  95|closeChannel: close the connection to remote address[] result: true
INFO|2019-07-26 12:36:04.597|[NettyClientSelector_1]|o.a.r.l.Slf4jLoggerFactory$Slf4jLogger.info.  95|closeChannel: close the connection to remote address[] result: true
INFO|2019-07-26 12:36:05.603|[NettyClientSelector_1]|o.a.r.l.Slf4jLoggerFactory$Slf4jLogger.info.  95|closeChannel: close the connection to remote address[] result: true
INFO|2019-07-26 12:36:06.613|[NettyClientSelector_1]|o.a.r.l.Slf4jLoggerFactory$Slf4jLogger.info.  95|closeChannel: close the connection to remote address[] result: true
INFO|2019-07-26 12:36:08.988|[http-nio-9090-exec-1]|o.a.j.l.DirectJDKLog.log. 173|Initializing Spring DispatcherServlet 'dispatcherServlet'
INFO|2019-07-26 12:36:08.989|[http-nio-9090-exec-1]|o.s.w.s.FrameworkServlet.initServletBean. 524|Initializing Servlet 'dispatcherServlet'
INFO|2019-07-26 12:36:08.999|[http-nio-9090-exec-1]|o.s.w.s.FrameworkServlet.initServletBean. 546|Completed initialization in 10 ms
INFO|2019-07-26 12:36:10.544|[NettyClientSelector_1]|o.a.r.l.Slf4jLoggerFactory$Slf4jLogger.info.  95|closeChannel: close the connection to remote address[] result: true
INFO|2019-07-26 12:36:11.551|[NettyClientSelector_1]|o.a.r.l.Slf4jLoggerFactory$Slf4jLogger.info.  95|closeChannel: close the connection to remote address[] result: true
INFO|2019-07-26 12:36:27.618|[NettyClientSelector_1]|o.a.r.l.Slf4jLoggerFactory$Slf4jLogger.info.  95|closeChannel: close the connection to remote address[] result: true
INFO|2019-07-26 12:36:28.625|[NettyClientSelector_1]|o.a.r.l.Slf4jLoggerFactory$Slf4jLogger.info.  95|closeChannel: close the connection to remote address[] result: true
INFO|2019-07-26 12:36:29.631|[NettyClientSelector_1]|o.a.r.l.Slf4jLoggerFactory$Slf4jLogger.info.  95|closeChannel: close the connection to remote address[] result: true
INFO|2019-07-26 12:36:30.639|[NettyClientSelector_1]|o.a.r.l.Slf4jLoggerFactory$Slf4jLogger.info.  95|closeChannel: close the connection to remote address[] result: true
INFO|2019-07-26 12:36:31.645|[NettyClientSelector_1]|o.a.r.l.Slf4jLoggerFactory$Slf4jLogger.info.  95|closeChannel: close the connection to remote address[] result: true
INFO|2019-07-26 12:36:32.652|[NettyClientSelector_1]|o.a.r.l.Slf4jLoggerFactory$Slf4jLogger.info.  95|closeChannel: close the connection to remote address[] result: true
INFO|2019-07-26 12:36:33.660|[NettyClientSelector_1]|o.a.r.l.Slf4jLoggerFactory$Slf4jLogger.info.  95|closeChannel: close the connection to remote address[] result: true
INFO|2019-07-26 12:36:34.666|[NettyClientSelector_1]|o.a.r.l.Slf4jLoggerFactory$Slf4jLogger.info.  95|closeChannel: close the connection to remote address[] result: true
INFO|2019-07-26 12:36:35.672|[NettyClientSelector_1]|o.a.r.l.Slf4jLoggerFactory$Slf4jLogger.info.  95|closeChannel: close the connection to remote address[] result: true
INFO|2019-07-26 12:36:51.643|[NettyClientSelector_1]|o.a.r.l.Slf4jLoggerFactory$Slf4jLogger.info.  95|closeChannel: close the connection to remote address[] result: true
INFO|2019-07-26 12:36:53.656|[NettyClientSelector_1]|o.a.r.l.Slf4jLoggerFactory$Slf4jLogger.info.  95|closeChannel: close the connection to remote address[] result: true
INFO|2019-07-26 12:36:54.662|[NettyClientSelector_1]|o.a.r.l.Slf4jLoggerFactory$Slf4jLogger.info.  95|closeChannel: close the connection to remote address[] result: true
INFO|2019-07-26 12:39:17.712|[binlog-listener-thread]|c.b.e.b.s.i.RocketMQSender.mergeSend.  59|send merge message ok
INFO|2019-07-26 12:40:05.408|[main]|o.s.b.StartupInfoLogger.logStarting.  50|Starting EsBootApplication on LAPTOP-MQHIV46L with PID 16136 (G:\idea\es-boot\target\classes started by 86322 in G:\idea\es-boot)
INFO|2019-07-26 12:40:05.413|[main]|o.s.b.SpringApplication.logStartupProfileInfo. 650|The following profiles are active: dev
INFO|2019-07-26 12:40:05.823|[main]|o.s.d.r.c.RepositoryConfigurationDelegate.registerRepositoriesIn. 126|Bootstrapping Spring Data repositories in DEFAULT mode.
INFO|2019-07-26 12:40:05.863|[main]|o.s.d.r.c.RepositoryConfigurationDelegate.registerRepositoriesIn. 182|Finished Spring Data repository scanning in 37ms. Found 1 repository interfaces.
INFO|2019-07-26 12:40:06.186|[main]|o.s.c.s.PostProcessorRegistrationDelegate$BeanPostProcessorChecker.postProcessAfterInitialization. 330|Bean 'org.springframework.transaction.annotation.ProxyTransactionManagementConfiguration' of type [org.springframework.transaction.annotation.ProxyTransactionManagementConfiguration$$EnhancerBySpringCGLIB$$e719e25f] is not eligible for getting processed by all BeanPostProcessors (for example: not eligible for auto-proxying)
INFO|2019-07-26 12:40:06.429|[main]|o.s.b.w.e.t.TomcatWebServer.initialize.  90|Tomcat initialized with port(s): 9090 (http)
INFO|2019-07-26 12:40:06.449|[main]|o.a.j.l.DirectJDKLog.log. 173|Starting service [Tomcat]
INFO|2019-07-26 12:40:06.450|[main]|o.a.j.l.DirectJDKLog.log. 173|Starting Servlet engine: [Apache Tomcat/9.0.21]
INFO|2019-07-26 12:40:06.588|[main]|o.a.j.l.DirectJDKLog.log. 173|Initializing Spring embedded WebApplicationContext
INFO|2019-07-26 12:40:06.588|[main]|o.s.b.w.s.c.ServletWebServerApplicationContext.prepareWebApplicationContext. 283|Root WebApplicationContext: initialization completed in 1143 ms
INFO|2019-07-26 12:40:06.664|[main]|c.b.e.b.BinLogComponent.init.  36|==========start binlog client==========
INFO|2019-07-26 12:40:06.672|[main]|c.a.d.s.b.a.DruidDataSourceAutoConfigure.dataSource.  56|Init DruidDataSource
INFO|2019-07-26 12:40:06.676|[binlog-listener-thread]|c.b.e.b.BinLogComponent.lambda$init$0.  54|connecting to mysql start
INFO|2019-07-26 12:40:06.752|[binlog-listener-thread]|c.g.s.m.b.BinaryLogClient.connect. 565|Connected to 127.0.0.1:3306 at mysql-bin.000136/7381428 (sid:65535, cid:415)
INFO|2019-07-26 12:40:06.968|[main]|c.a.d.p.DruidDataSource.init. 991|{dataSource-1} inited
INFO|2019-07-26 12:40:09.475|[main]|o.e.p.PluginsService.logPluginInfo. 196|no modules loaded
INFO|2019-07-26 12:40:09.476|[main]|o.e.p.PluginsService.logPluginInfo. 199|loaded plugin [org.elasticsearch.index.reindex.ReindexPlugin]
INFO|2019-07-26 12:40:09.476|[main]|o.e.p.PluginsService.logPluginInfo. 199|loaded plugin [org.elasticsearch.join.ParentJoinPlugin]
INFO|2019-07-26 12:40:09.476|[main]|o.e.p.PluginsService.logPluginInfo. 199|loaded plugin [org.elasticsearch.percolator.PercolatorPlugin]
INFO|2019-07-26 12:40:09.477|[main]|o.e.p.PluginsService.logPluginInfo. 199|loaded plugin [org.elasticsearch.script.mustache.MustachePlugin]
INFO|2019-07-26 12:40:09.477|[main]|o.e.p.PluginsService.logPluginInfo. 199|loaded plugin [org.elasticsearch.transport.Netty4Plugin]
INFO|2019-07-26 12:40:11.024|[main]|o.s.d.e.c.TransportClientFactoryBean.lambda$buildClient$0.  88|Adding transport node : 127.0.0.1:9300
INFO|2019-07-26 12:40:13.296|[main]|o.s.s.c.ExecutorConfigurationSupport.initialize. 171|Initializing ExecutorService 'applicationTaskExecutor'
INFO|2019-07-26 12:40:14.135|[main]|o.s.b.w.e.t.TomcatWebServer.start. 202|Tomcat started on port(s): 9090 (http) with context path ''
INFO|2019-07-26 12:40:14.137|[main]|o.s.b.StartupInfoLogger.logStarted.  59|Started EsBootApplication in 9.019 seconds (JVM running for 11.039)
INFO|2019-07-26 12:40:14.139|[main]|c.b.e.b.BinlogRunner.run.  22|===========init schema and table ============
INFO|2019-07-26 12:40:14.139|[main]|c.b.e.b.h.TableColumnIdAndNameHolder.init.  45|==============begin load column position and name============
INFO|2019-07-26 12:41:51.146|[NettyClientSelector_1]|o.a.r.l.Slf4jLoggerFactory$Slf4jLogger.info.  95|closeChannel: close the connection to remote address[127.0.0.1:9876] result: true
INFO|2019-07-26 12:41:52.489|[NettyClientSelector_1]|o.a.r.l.Slf4jLoggerFactory$Slf4jLogger.info.  95|closeChannel: close the connection to remote address[192.168.54.23:10911] result: true
INFO|2019-07-26 12:41:54.212|[NettyClientSelector_1]|o.a.r.l.Slf4jLoggerFactory$Slf4jLogger.info.  95|closeChannel: close the connection to remote address[] result: true
INFO|2019-07-26 23:07:50.852|[main]|c.b.e.RockMQTest.testAssignTopicQueue. 147|send ok
INFO|2019-07-26 23:07:50.940|[main]|c.b.e.RockMQTest.testAssignTopicQueue. 147|send ok
INFO|2019-07-26 23:07:50.943|[main]|c.b.e.RockMQTest.testAssignTopicQueue. 147|send ok
INFO|2019-07-26 23:07:50.946|[main]|c.b.e.RockMQTest.testAssignTopicQueue. 147|send ok
INFO|2019-07-26 23:07:50.951|[main]|c.b.e.RockMQTest.testAssignTopicQueue. 147|send ok
INFO|2019-07-26 23:07:50.954|[main]|c.b.e.RockMQTest.testAssignTopicQueue. 147|send ok
INFO|2019-07-26 23:07:50.958|[main]|c.b.e.RockMQTest.testAssignTopicQueue. 147|send ok
INFO|2019-07-26 23:07:50.962|[main]|c.b.e.RockMQTest.testAssignTopicQueue. 147|send ok
INFO|2019-07-26 23:07:50.965|[main]|c.b.e.RockMQTest.testAssignTopicQueue. 147|send ok
INFO|2019-07-26 23:07:50.969|[main]|c.b.e.RockMQTest.testAssignTopicQueue. 147|send ok
INFO|2019-07-26 23:07:50.980|[NettyClientSelector_1]|o.a.r.l.Slf4jLoggerFactory$Slf4jLogger.info.  95|closeChannel: close the connection to remote address[127.0.0.1:9876] result: true
INFO|2019-07-26 23:07:50.981|[NettyClientSelector_1]|o.a.r.l.Slf4jLoggerFactory$Slf4jLogger.info.  95|closeChannel: close the connection to remote address[192.168.43.191:10911] result: true
INFO|2019-07-26 23:10:45.708|[ConsumeMessageThread_3]|c.b.e.RockMQTest$1.consumeMessage.  65|null C0A82802252818B4AAC285B5991A0001 null hello word 1
INFO|2019-07-26 23:10:45.708|[ConsumeMessageThread_7]|c.b.e.RockMQTest$1.consumeMessage.  65|null C0A82802252818B4AAC285B599270005 null hello word 1
INFO|2019-07-26 23:10:45.708|[ConsumeMessageThread_2]|c.b.e.RockMQTest$1.consumeMessage.  65|null C0A82802252818B4AAC285B598B90000 null hello word 1
INFO|2019-07-26 23:10:45.708|[ConsumeMessageThread_4]|c.b.e.RockMQTest$1.consumeMessage.  65|null C0A82802252818B4AAC285B5991C0002 null hello word 1
INFO|2019-07-26 23:10:45.708|[ConsumeMessageThread_5]|c.b.e.RockMQTest$1.consumeMessage.  65|null C0A82802252818B4AAC285B5991F0003 null hello word 1
INFO|2019-07-26 23:10:45.708|[ConsumeMessageThread_10]|c.b.e.RockMQTest$1.consumeMessage.  65|null C0A82802252818B4AAC285B599320008 null hello word 1
INFO|2019-07-26 23:10:45.708|[ConsumeMessageThread_11]|c.b.e.RockMQTest$1.consumeMessage.  65|null C0A82802252818B4AAC285B599350009 null hello word 1
INFO|2019-07-26 23:10:45.708|[ConsumeMessageThread_1]|c.b.e.RockMQTest$1.consumeMessage.  65|key1 C0A82802253818B4AAC2800AC0D60001 testA hello word 0
INFO|2019-07-26 23:10:45.708|[ConsumeMessageThread_8]|c.b.e.RockMQTest$1.consumeMessage.  65|null C0A82802252818B4AAC285B5992A0006 null hello word 1
INFO|2019-07-26 23:10:45.708|[ConsumeMessageThread_9]|c.b.e.RockMQTest$1.consumeMessage.  65|null C0A82802252818B4AAC285B5992E0007 null hello word 1
INFO|2019-07-26 23:10:45.708|[ConsumeMessageThread_6]|c.b.e.RockMQTest$1.consumeMessage.  65|null C0A82802252818B4AAC285B599220004 null hello word 1
